uid=8296(libenping) gid=8493(PAG) groups=8493(PAG),507(NOVO),5011(DENOVO),5012(RESEQ),8527(google-otp),8691(Plant)
Wed Mar 28 16:35:22 CST 2018
uid=8296(libenping) gid=8493(PAG) groups=8493(PAG),507(NOVO),5011(DENOVO),5012(RESEQ),8527(google-otp),8691(Plant)
Wed Mar 28 16:39:10 CST 2018
uid=8296(libenping) gid=8493(PAG) groups=8493(PAG),507(NOVO),5011(DENOVO),5012(RESEQ),8527(google-otp),8691(Plant)
Wed Mar 28 16:51:24 CST 2018
uid=8296(libenping) gid=8493(PAG) groups=8493(PAG),507(NOVO),5011(DENOVO),5012(RESEQ),8527(google-otp),8691(Plant)
Wed Mar 28 17:10:57 CST 2018
uid=8296(libenping) gid=8493(PAG) groups=8493(PAG),507(NOVO),5011(DENOVO),5012(RESEQ),8527(google-otp),8691(Plant)
Wed Mar 28 17:37:40 CST 2018
uid=8296(libenping) gid=8493(PAG) groups=8493(PAG),507(NOVO),5011(DENOVO),5012(RESEQ),8527(google-otp),8691(Plant)
Thu Mar 29 08:44:18 CST 2018
uid=8519(wangguifang) gid=8493(PAG) groups=8493(PAG),507(NOVO),5011(DENOVO),5012(RESEQ),8527(google-otp),8691(Plant)
Mon Apr 16 12:43:06 CST 2018
uid=8519(wangguifang) gid=8493(PAG) groups=8493(PAG),507(NOVO),5011(DENOVO),5012(RESEQ),8527(google-otp),8691(Plant)
Thu Apr 19 10:09:36 CST 2018
uid=8519(wangguifang) gid=8493(PAG) groups=8493(PAG),507(NOVO),5011(DENOVO),5012(RESEQ),8527(google-otp),8691(Plant)
Thu Apr 19 10:13:11 CST 2018
uid=8519(wangguifang) gid=8493(PAG) groups=8493(PAG),507(NOVO),5011(DENOVO),5012(RESEQ),8527(google-otp),8691(Plant)
Thu Apr 19 10:17:07 CST 2018
uid=8519(wangguifang) gid=8493(PAG) groups=8493(PAG),507(NOVO),5011(DENOVO),5012(RESEQ),8527(google-otp),8691(Plant)
Fri Apr 20 15:06:52 CST 2018
uid=8514(wangdi) gid=8493(PAG) groups=8493(PAG),507(NOVO),5011(DENOVO),5012(RESEQ),8527(google-otp),8692(Animal),20025
Sat Apr 21 22:45:10 CST 2018
uid=8514(wangdi) gid=8493(PAG) groups=8493(PAG),507(NOVO),5011(DENOVO),5012(RESEQ),8527(google-otp),8692(Animal)
Sun Apr 22 11:40:41 CST 2018
uid=8519(wangguifang) gid=8493(PAG) groups=8493(PAG),507(NOVO),5011(DENOVO),5012(RESEQ),8527(google-otp),8691(Plant)
Mon Apr 23 10:18:34 CST 2018
uid=8611(gaodan) gid=8493(PAG) groups=8493(PAG),507(NOVO),5011(DENOVO),5012(RESEQ),8527(google-otp),8691(Plant)
Thu Apr 26 18:10:09 CST 2018
uid=8611(gaodan) gid=8493(PAG) groups=8493(PAG),507(NOVO),5011(DENOVO),5012(RESEQ),8527(google-otp),8691(Plant)
Thu Apr 26 19:12:48 CST 2018
uid=8611(gaodan) gid=8493(PAG) groups=8493(PAG),507(NOVO),5011(DENOVO),5012(RESEQ),8527(google-otp),8691(Plant)
Thu Apr 26 19:17:56 CST 2018
uid=8611(gaodan) gid=8493(PAG) groups=8493(PAG),507(NOVO),5011(DENOVO),5012(RESEQ),8527(google-otp),8691(Plant)
Thu Apr 26 20:34:24 CST 2018
uid=8611(gaodan) gid=8493(PAG) groups=8493(PAG),507(NOVO),5011(DENOVO),5012(RESEQ),8527(google-otp),8691(Plant)
Thu Apr 26 21:42:20 CST 2018
uid=8519(wangguifang) gid=8493(PAG) groups=8493(PAG),507(NOVO),5011(DENOVO),5012(RESEQ),8527(google-otp),8691(Plant)
Fri Apr 27 00:51:33 CST 2018
uid=8296(libenping) gid=8493(PAG) groups=8493(PAG),507(NOVO),5011(DENOVO),5012(RESEQ),8527(google-otp),8691(Plant)
Sat Apr 28 13:39:47 CST 2018
uid=8296(libenping) gid=8493(PAG) groups=8493(PAG),507(NOVO),5011(DENOVO),5012(RESEQ),8527(google-otp),8691(Plant)
Sat Apr 28 13:44:45 CST 2018
uid=8296(libenping) gid=8493(PAG) groups=8493(PAG),507(NOVO),5011(DENOVO),5012(RESEQ),8527(google-otp),8691(Plant)
Sat Apr 28 14:10:06 CST 2018
uid=8296(libenping) gid=8493(PAG) groups=8493(PAG),507(NOVO),5011(DENOVO),5012(RESEQ),8527(google-otp),8691(Plant)
Sat Apr 28 14:19:20 CST 2018
uid=8296(libenping) gid=8493(PAG) groups=8493(PAG),507(NOVO),5011(DENOVO),5012(RESEQ),8527(google-otp),8691(Plant)
Sat Apr 28 14:22:28 CST 2018
uid=8296(libenping) gid=8493(PAG) groups=8493(PAG),507(NOVO),5011(DENOVO),5012(RESEQ),8527(google-otp),8691(Plant)
Sat Apr 28 14:35:23 CST 2018
uid=8296(libenping) gid=8493(PAG) groups=8493(PAG),507(NOVO),5011(DENOVO),5012(RESEQ),8527(google-otp),8691(Plant)
Sat Apr 28 14:37:28 CST 2018
uid=8296(libenping) gid=8493(PAG) groups=8493(PAG),507(NOVO),5011(DENOVO),5012(RESEQ),8527(google-otp),8691(Plant)
Sat Apr 28 14:40:01 CST 2018
uid=8296(libenping) gid=8493(PAG) groups=8493(PAG),507(NOVO),5011(DENOVO),5012(RESEQ),8527(google-otp),8691(Plant)
Sat Apr 28 14:43:06 CST 2018
uid=8296(libenping) gid=8493(PAG) groups=8493(PAG),507(NOVO),5011(DENOVO),5012(RESEQ),8527(google-otp),8691(Plant)
Sat Apr 28 15:19:35 CST 2018
uid=8296(libenping) gid=8493(PAG) groups=8493(PAG),507(NOVO),5011(DENOVO),5012(RESEQ),8527(google-otp),8691(Plant)
Wed May  2 10:01:52 CST 2018
uid=8296(libenping) gid=8493(PAG) groups=8493(PAG),507(NOVO),5011(DENOVO),5012(RESEQ),8527(google-otp),8691(Plant)
Wed May  2 10:09:08 CST 2018
uid=8296(libenping) gid=8493(PAG) groups=8493(PAG),507(NOVO),5011(DENOVO),5012(RESEQ),8527(google-otp),8691(Plant)
Wed May  2 10:14:57 CST 2018
uid=8296(libenping) gid=8493(PAG) groups=8493(PAG),507(NOVO),5011(DENOVO),5012(RESEQ),8527(google-otp),8691(Plant)
Sun May 13 09:52:56 CST 2018
